This is pdfTeX, Version 3.1415926-2.4-1.40.13 (TeX Live 2012/Debian) (format=pdflatex 2012.10.21)  8 MAY 2013 17:19
entering extended mode
 restricted \write18 enabled.
 %&-line parsing enabled.
**"^^Hegin{document} ^^[xo medskip Soit $f$  la fonction définie pour tout ré
el $x$ par  $f(x)=dfrac{2x+1}{x^2-2x+5}$. On note $C_f$ sa courbe représentati
ve. ^^[nd{document}" --output-directory /home/florian/Bureau/azerty.pdf

! Emergency stop.
<*> ...a courbe représentative. ^^[nd{document}" 
                                                  --output-directory /home/f...
*** (job aborted, file error in nonstop mode)

 
Here is how much of TeX's memory you used:
 4 strings out of 493473
 268 string characters out of 3143121
 47827 words of memory out of 3000000
 3412 multiletter control sequences out of 15000+200000
 3640 words of font info for 14 fonts, out of 3000000 for 9000
 965 hyphenation exceptions out of 8191
 0i,0n,0p,1b,6s stack positions out of 5000i,500n,10000p,200000b,50000s
!  ==> Fatal error occurred, no output PDF file produced!
